C:\USERS\HAA36\DESKTOP\GLTUTORIAL\GLPROJECT\GLPROJECT\DEBUG\MAIN.OBJ
C:\USERS\HAA36\DESKTOP\GLTUTORIAL\GLPROJECT\GLPROJECT\DEBUG\VC110.PDB
C:\USERS\HAA36\DESKTOP\GLTUTORIAL\GLPROJECT\DEBUG\GLPROJECT.ILK
C:\USERS\HAA36\DESKTOP\GLTUTORIAL\GLPROJECT\DEBUG\GLPROJECT.EXE
C:\USERS\HAA36\DESKTOP\GLTUTORIAL\GLPROJECT\DEBUG\GLPROJECT.PDB
C:\Users\haa36\Desktop\1\GLProject\GLProject\Debug\main.obj
C:\Users\haa36\Desktop\1\GLProject\GLProject\Debug\cl.command.1.tlog
C:\Users\haa36\Desktop\1\GLProject\GLProject\Debug\CL.read.1.tlog
C:\Users\haa36\Desktop\1\GLProject\GLProject\Debug\CL.write.1.tlog
C:\Users\haa36\Desktop\1\GLProject\GLProject\Debug\link-cvtres.read.1.tlog
C:\Users\haa36\Desktop\1\GLProject\GLProject\Debug\link-cvtres.write.1.tlog
C:\Users\haa36\Desktop\1\GLProject\GLProject\Debug\link-rc.read.1.tlog
C:\Users\haa36\Desktop\1\GLProject\GLProject\Debug\link-rc.write.1.tlog
C:\Users\haa36\Desktop\1\GLProject\GLProject\Debug\link.command.1.tlog
C:\Users\haa36\Desktop\1\GLProject\GLProject\Debug\link.read.1.tlog
C:\Users\haa36\Desktop\1\GLProject\GLProject\Debug\link.write.1.tlog
C:\Users\haa36\Desktop\1\GLProject\GLProject\Debug\vc110.idb
C:\Users\haa36\Desktop\1\GLProject\GLProject\Debug\vc110.pdb
C:\Users\haa36\Desktop\1\GLProject\Debug\GLProject.pdb
C:\Users\haa36\Desktop\1\GLProject\Debug\GLProject.exe
C:\Users\haa36\Desktop\1\GLProject\Debug\GLProject.ilk
